TN:
SF:src/Contribution.sol
DA:59,2
FN:59,Contribution.onlyRecruiter
FNDA:2,Contribution.onlyRecruiter
DA:60,2
BRDA:60,0,0,1
BRDA:60,0,1,2
DA:66,1
FN:66,Contribution.noReClaim
FNDA:1,Contribution.noReClaim
DA:67,1
BRDA:67,1,0,-
BRDA:67,1,1,1
DA:69,1
DA:71,1
DA:73,10
FN:73,Contribution.constructor
FNDA:10,Contribution.constructor
DA:75,10
DA:76,10
DA:77,10
DA:78,10
DA:82,3
FN:82,Contribution.fallback
FNDA:3,Contribution.fallback
DA:83,3
BRDA:83,2,0,1
BRDA:83,2,1,1
DA:84,1
DA:85,2
BRDA:85,3,0,1
BRDA:85,3,1,1
DA:86,1
DA:90,1
BRDA:90,4,0,1
DA:91,1
DA:95,5
FN:95,Contribution.addContribution
FNDA:5,Contribution.addContribution
DA:99,5
DA:100,5
DA:108,5
DA:116,5
DA:118,5
DA:124,2
FN:124,Contribution.getContributions
FNDA:2,Contribution.getContributions
DA:125,1
DA:126,1
DA:128,0
FN:128,Contribution.getMyContributions
FNDA:0,Contribution.getMyContributions
DA:130,0
DA:131,0
DA:134,3
FN:134,Contribution.getAllContributions
FNDA:3,Contribution.getAllContributions
DA:136,2
DA:139,2
DA:140,2
DA:141,2
DA:142,2
DA:143,2
DA:146,2
DA:148,3
DA:149,3
DA:150,3
DA:151,3
DA:152,3
DA:154,2
DA:167,1
FN:167,Contribution.claimRewards
FNDA:1,Contribution.claimRewards
DA:168,1
BRDA:168,5,0,-
BRDA:168,5,1,1
DA:169,1
BRDA:169,6,0,-
BRDA:169,6,1,1
DA:171,1
DA:172,1
DA:173,1
BRDA:173,7,0,-
BRDA:173,7,1,1
DA:174,1
DA:175,1
FNF:9
FNH:8
LF:52
LH:49
BRF:15
BRH:11
end_of_record
TN:
SF:test/ContributionTest.t.sol
DA:15,10
FN:15,MockERC20.constructor
FNDA:10,MockERC20.constructor
DA:16,10
DA:19,11
FN:19,MockERC20.transfer
FNDA:11,MockERC20.transfer
DA:20,11
BRDA:20,0,0,-
BRDA:20,0,1,11
DA:21,11
DA:22,11
DA:23,11
DA:26,10
FN:26,MockERC20.mint
FNDA:10,MockERC20.mint
DA:27,10
FNF:3
FNH:3
LF:9
LH:9
BRF:2
BRH:1
end_of_record
